<?xml version="1.0" encoding="UTF-8"?>
<!-- Generated by org.testng.reporters.JUnitReportReporter -->
<testsuite skipped="0" hostname="INGGNLT9HTHX33" name="Academy.PracticeTest" tests="1" failures="0" timestamp="2022-01-05T22:28:00 IST" time="11.593" errors="0">
  <testcase name="tabmethod" time="11.593" classname="Academy.PracticeTest"/>
  <system-out/>
</testsuite> <!-- Academy.PracticeTest -->
